<?xml version="1.0" encoding="UTF-8"?>
<testng-results ignored="0" total="1" passed="1" failed="0" skipped="0">
  <reporter-output>
  </reporter-output>
  <suite started-at="2023-09-26T09:48:54 IST" name="Default suite" finished-at="2023-09-26T09:49:04 IST" duration-ms="10163">
    <groups>
    </groups>
    <test started-at="2023-09-26T09:48:54 IST" name="Default test" finished-at="2023-09-26T09:49:04 IST" duration-ms="10163">
      <class name="checkbox.NewTest">
        <test-method is-config="true" signature="beforeMethod()[pri:0, instance:checkbox.NewTest@5656be13]" started-at="2023-09-26T09:48:54 IST" name="beforeMethod" finished-at="2023-09-26T09:49:00 IST" duration-ms="5903" status="PASS">
          <reporter-output>
          </reporter-output>
        </test-method> <!-- beforeMethod -->
        <test-method signature="tesccase1()[pri:0, instance:checkbox.NewTest@5656be13]" started-at="2023-09-26T09:49:00 IST" name="tesccase1" finished-at="2023-09-26T09:49:04 IST" duration-ms="4192" status="PASS">
          <reporter-output>
          </reporter-output>
        </test-method> <!-- tesccase1 -->
        <test-method is-config="true" signature="afterMethod()[pri:0, instance:checkbox.NewTest@5656be13]" started-at="2023-09-26T09:49:04 IST" name="afterMethod" finished-at="2023-09-26T09:49:04 IST" duration-ms="2" status="PASS">
          <reporter-output>
          </reporter-output>
        </test-method> <!-- afterMethod -->
      </class> <!-- checkbox.NewTest -->
    </test> <!-- Default test -->
  </suite> <!-- Default suite -->
</testng-results>
